[WARN ] 2021-09-18 22:25:02.365 [main] appLogger - CAUGHT EXCEPTION IN <insertCountries> METHOD...
[WARN ] 2021-09-18 22:25:02.368 [main] appLogger - CAUGHT EXCEPTION IN <insertRegions> METHOD...
[WARN ] 2021-09-18 22:25:02.370 [main] appLogger - CAUGHT EXCEPTION IN <insertCities> METHOD...
[WARN ] 2021-09-18 22:25:17.758 [main] appLogger - CAUGHT EXCEPTION IN <printCountries> METHOD...
[WARN ] 2021-09-18 22:26:18.917 [main] appLogger - CAUGHT EXCEPTION IN <insertCountries> METHOD...
[WARN ] 2021-09-18 22:26:18.919 [main] appLogger - CAUGHT EXCEPTION IN <insertRegions> METHOD...
[WARN ] 2021-09-18 22:26:18.921 [main] appLogger - CAUGHT EXCEPTION IN <insertCities> METHOD...
[WARN ] 2021-09-18 22:27:14.483 [main] appLogger - CAUGHT EXCEPTION IN <printCountries> METHOD...
[WARN ] 2021-09-18 22:27:29.267 [main] appLogger - CAUGHT EXCEPTION IN <insertCountries> METHOD...
[WARN ] 2021-09-18 22:27:29.282 [main] appLogger - CAUGHT EXCEPTION IN <insertRegions> METHOD...
[WARN ] 2021-09-18 22:27:29.284 [main] appLogger - CAUGHT EXCEPTION IN <insertCities> METHOD...
[WARN ] 2021-09-18 22:28:55.914 [main] appLogger - CAUGHT EXCEPTION IN <insertCountries> METHOD...
[WARN ] 2021-09-18 22:28:55.919 [main] appLogger - CAUGHT EXCEPTION IN <insertRegions> METHOD...
[WARN ] 2021-09-18 22:28:55.921 [main] appLogger - CAUGHT EXCEPTION IN <insertCities> METHOD...
[WARN ] 2021-09-18 22:29:47.963 [main] appLogger - CAUGHT EXCEPTION IN <insertCountries> METHOD...
[WARN ] 2021-09-18 22:29:47.964 [main] appLogger - CAUGHT EXCEPTION IN <insertRegions> METHOD...
[WARN ] 2021-09-18 22:29:47.966 [main] appLogger - CAUGHT EXCEPTION IN <insertCities> METHOD...
[WARN ] 2021-09-18 22:32:08.029 [main] appLogger - CAUGHT EXCEPTION IN <findRegionById> METHOD...
[WARN ] 2021-09-18 22:35:51.073 [main] appLogger - CAUGHT EXCEPTION IN <findRegionById> METHOD...
[WARN ] 2021-09-18 22:37:03.453 [main] appLogger - CAUGHT EXCEPTION IN <printRegions> METHOD...
[WARN ] 2021-09-18 22:39:04.347 [main] appLogger - CAUGHT EXCEPTION IN <findRegionById> METHOD...
[WARN ] 2021-09-18 23:02:28.538 [main] appLogger - CAUGHT EXCEPTION IN <customInsertRegions> METHOD...
[WARN ] 2021-09-18 23:05:45.885 [main] appLogger - CAUGHT EXCEPTION IN <customInsertRegions> METHOD...
