[INFO ] 2021-09-18 22:06:19.596 [main] appLogger - Connection was successfully established...
[INFO ] 2021-09-18 22:06:19.621 [main] appLogger - Database successfully created...
[INFO ] 2021-09-18 22:06:19.622 [main] appLogger - Connection was successfully established...
[INFO ] 2021-09-18 22:10:25.069 [main] appLogger - Connection was successfully established...
[INFO ] 2021-09-18 22:10:25.078 [main] appLogger - Database successfully created...
[INFO ] 2021-09-18 22:10:25.078 [main] appLogger - Connection was successfully established...
[INFO ] 2021-09-18 22:10:25.088 [main] appLogger - Values were successfully inserted from <countries.scv>...
[INFO ] 2021-09-18 22:10:25.088 [main] appLogger - Connection was successfully established...
[INFO ] 2021-09-18 22:11:31.175 [main] appLogger - Connection was successfully established...
[INFO ] 2021-09-18 22:11:31.183 [main] appLogger - Database successfully created...
[INFO ] 2021-09-18 22:11:31.184 [main] appLogger - Connection was successfully established...
[INFO ] 2021-09-18 22:11:31.196 [main] appLogger - Values were successfully inserted from <countries.scv>...
[INFO ] 2021-09-18 22:11:31.197 [main] appLogger - Connection was successfully established...
[INFO ] 2021-09-18 22:11:31.203 [main] appLogger - Values were successfully inserted from <regions.scv>...
[INFO ] 2021-09-18 22:11:31.204 [main] appLogger - Connection was successfully established...
[INFO ] 2021-09-18 22:11:56.587 [main] appLogger - Connection was successfully established...
[INFO ] 2021-09-18 22:11:56.595 [main] appLogger - Database successfully created...
[INFO ] 2021-09-18 22:11:56.596 [main] appLogger - Connection was successfully established...
[INFO ] 2021-09-18 22:11:56.605 [main] appLogger - Values were successfully inserted from <countries.scv>...
[INFO ] 2021-09-18 22:11:56.606 [main] appLogger - Connection was successfully established...
[INFO ] 2021-09-18 22:11:56.611 [main] appLogger - Values were successfully inserted from <regions.scv>...
[INFO ] 2021-09-18 22:11:56.613 [main] appLogger - Connection was successfully established...
[INFO ] 2021-09-18 22:11:56.620 [main] appLogger - Values were successfully inserted from <cities.csv>...
[INFO ] 2021-09-18 22:12:09.492 [main] appLogger - Country value was successfully found by id...
[INFO ] 2021-09-18 22:13:35.595 [main] appLogger - Connection was successfully established...
[INFO ] 2021-09-18 22:13:35.606 [main] appLogger - Database successfully created...
[INFO ] 2021-09-18 22:13:35.607 [main] appLogger - Connection was successfully established...
[INFO ] 2021-09-18 22:13:35.617 [main] appLogger - Values were successfully inserted from <countries.scv>...
[INFO ] 2021-09-18 22:13:35.618 [main] appLogger - Connection was successfully established...
[INFO ] 2021-09-18 22:13:35.624 [main] appLogger - Values were successfully inserted from <regions.scv>...
[INFO ] 2021-09-18 22:13:35.625 [main] appLogger - Connection was successfully established...
[INFO ] 2021-09-18 22:13:35.632 [main] appLogger - Values were successfully inserted from <cities.csv>...
[INFO ] 2021-09-18 22:13:39.007 [main] appLogger - Country value was successfully found by id...
[INFO ] 2021-09-18 22:13:53.081 [main] appLogger - Country value was successfully found by id...
[INFO ] 2021-09-18 22:14:02.681 [main] appLogger - Custom country value was successfully added...
[INFO ] 2021-09-18 22:14:15.932 [main] appLogger - Country value was successfully found by id...
[INFO ] 2021-09-18 22:14:33.728 [main] appLogger - Connection was successfully established...
[INFO ] 2021-09-18 22:14:33.767 [main] appLogger - Database successfully dropped...
[INFO ] 2021-09-18 22:14:41.365 [main] appLogger - Connection was successfully established...
[INFO ] 2021-09-18 22:14:41.392 [main] appLogger - Database successfully created...
[INFO ] 2021-09-18 22:14:41.392 [main] appLogger - Connection was successfully established...
[INFO ] 2021-09-18 22:14:41.402 [main] appLogger - Values were successfully inserted from <countries.scv>...
[INFO ] 2021-09-18 22:14:41.402 [main] appLogger - Connection was successfully established...
[INFO ] 2021-09-18 22:14:41.407 [main] appLogger - Values were successfully inserted from <regions.scv>...
[INFO ] 2021-09-18 22:14:41.408 [main] appLogger - Connection was successfully established...
[INFO ] 2021-09-18 22:14:41.413 [main] appLogger - Values were successfully inserted from <cities.csv>...
[INFO ] 2021-09-18 22:14:44.054 [main] appLogger - Country value was successfully found by id...
[INFO ] 2021-09-18 22:14:54.540 [main] appLogger - Custom country value was successfully added...
[INFO ] 2021-09-18 22:15:00.969 [main] appLogger - Country value was successfully found by id...
[INFO ] 2021-09-18 22:15:59.541 [main] appLogger - Connection was successfully established...
[INFO ] 2021-09-18 22:15:59.553 [main] appLogger - Database successfully created...
[INFO ] 2021-09-18 22:15:59.554 [main] appLogger - Connection was successfully established...
[INFO ] 2021-09-18 22:15:59.582 [main] appLogger - Values were successfully inserted from <countries.scv>...
[INFO ] 2021-09-18 22:15:59.583 [main] appLogger - Connection was successfully established...
[INFO ] 2021-09-18 22:15:59.591 [main] appLogger - Values were successfully inserted from <regions.scv>...
[INFO ] 2021-09-18 22:15:59.592 [main] appLogger - Connection was successfully established...
[INFO ] 2021-09-18 22:15:59.597 [main] appLogger - Values were successfully inserted from <cities.csv>...
[INFO ] 2021-09-18 22:16:02.011 [main] appLogger - Connection was successfully established...
[INFO ] 2021-09-18 22:16:02.071 [main] appLogger - Database successfully dropped...
[INFO ] 2021-09-18 22:16:11.519 [main] appLogger - Connection was successfully established...
[INFO ] 2021-09-18 22:16:11.561 [main] appLogger - Database successfully created...
[INFO ] 2021-09-18 22:16:11.561 [main] appLogger - Connection was successfully established...
[INFO ] 2021-09-18 22:16:11.587 [main] appLogger - Values were successfully inserted from <countries.scv>...
[INFO ] 2021-09-18 22:16:11.588 [main] appLogger - Connection was successfully established...
[INFO ] 2021-09-18 22:16:11.595 [main] appLogger - Values were successfully inserted from <regions.scv>...
[INFO ] 2021-09-18 22:16:11.596 [main] appLogger - Connection was successfully established...
[INFO ] 2021-09-18 22:16:11.602 [main] appLogger - Values were successfully inserted from <cities.csv>...
[INFO ] 2021-09-18 22:17:45.950 [main] appLogger - Custom country value was successfully added...
[INFO ] 2021-09-18 22:18:14.941 [main] appLogger - Connection was successfully established...
[INFO ] 2021-09-18 22:18:14.950 [main] appLogger - Database successfully created...
[INFO ] 2021-09-18 22:18:14.951 [main] appLogger - Connection was successfully established...
[INFO ] 2021-09-18 22:18:14.961 [main] appLogger - Values were successfully inserted from <countries.scv>...
[INFO ] 2021-09-18 22:18:14.962 [main] appLogger - Connection was successfully established...
[INFO ] 2021-09-18 22:18:14.969 [main] appLogger - Values were successfully inserted from <regions.scv>...
[INFO ] 2021-09-18 22:18:14.970 [main] appLogger - Connection was successfully established...
[INFO ] 2021-09-18 22:18:14.976 [main] appLogger - Values were successfully inserted from <cities.csv>...
[INFO ] 2021-09-18 22:18:21.297 [main] appLogger - Country value was successfully found by id...
[INFO ] 2021-09-18 22:18:26.349 [main] appLogger - Connection was successfully established...
[INFO ] 2021-09-18 22:18:26.391 [main] appLogger - Database successfully dropped...
[INFO ] 2021-09-18 22:18:33.036 [main] appLogger - Connection was successfully established...
[INFO ] 2021-09-18 22:18:33.063 [main] appLogger - Database successfully created...
[INFO ] 2021-09-18 22:18:33.064 [main] appLogger - Connection was successfully established...
[INFO ] 2021-09-18 22:18:33.074 [main] appLogger - Values were successfully inserted from <countries.scv>...
[INFO ] 2021-09-18 22:18:33.075 [main] appLogger - Connection was successfully established...
[INFO ] 2021-09-18 22:18:33.080 [main] appLogger - Values were successfully inserted from <regions.scv>...
[INFO ] 2021-09-18 22:18:33.081 [main] appLogger - Connection was successfully established...
[INFO ] 2021-09-18 22:18:33.086 [main] appLogger - Values were successfully inserted from <cities.csv>...
[INFO ] 2021-09-18 22:18:38.775 [main] appLogger - Custom country value was successfully added...
[INFO ] 2021-09-18 22:18:40.499 [main] appLogger - Country value was successfully found by id...
[INFO ] 2021-09-18 22:18:56.115 [main] appLogger - Country value was successfully found by id...
[INFO ] 2021-09-18 22:19:14.622 [main] appLogger - Custom region value was successfully added...
[INFO ] 2021-09-18 22:19:21.743 [main] appLogger - Country value was successfully found by id...
[INFO ] 2021-09-18 22:19:35.540 [main] appLogger - Connection was successfully established...
[INFO ] 2021-09-18 22:19:35.575 [main] appLogger - Database successfully dropped...
[INFO ] 2021-09-18 22:20:11.101 [main] appLogger - Connection was successfully established...
[INFO ] 2021-09-18 22:20:11.131 [main] appLogger - Database successfully created...
[INFO ] 2021-09-18 22:20:11.132 [main] appLogger - Connection was successfully established...
[INFO ] 2021-09-18 22:20:11.142 [main] appLogger - Values were successfully inserted from <countries.scv>...
[INFO ] 2021-09-18 22:20:11.142 [main] appLogger - Connection was successfully established...
[INFO ] 2021-09-18 22:20:11.147 [main] appLogger - Values were successfully inserted from <regions.scv>...
[INFO ] 2021-09-18 22:20:11.148 [main] appLogger - Connection was successfully established...
[INFO ] 2021-09-18 22:20:11.152 [main] appLogger - Values were successfully inserted from <cities.csv>...
[INFO ] 2021-09-18 22:20:17.731 [main] appLogger - Custom country value was successfully added...
[INFO ] 2021-09-18 22:20:19.369 [main] appLogger - Country value was successfully found by id...
[INFO ] 2021-09-18 22:20:29.310 [main] appLogger - Connection was successfully established...
[INFO ] 2021-09-18 22:20:29.399 [main] appLogger - Database successfully dropped...
[INFO ] 2021-09-18 22:25:02.361 [main] appLogger - Connection was successfully established...
[INFO ] 2021-09-18 22:25:02.367 [main] appLogger - Connection was successfully established...
[INFO ] 2021-09-18 22:25:02.369 [main] appLogger - Connection was successfully established...
[INFO ] 2021-09-18 22:26:18.914 [main] appLogger - Connection was successfully established...
[INFO ] 2021-09-18 22:26:18.918 [main] appLogger - Connection was successfully established...
[INFO ] 2021-09-18 22:26:18.920 [main] appLogger - Connection was successfully established...
[INFO ] 2021-09-18 22:27:29.259 [main] appLogger - Connection was successfully established...
[INFO ] 2021-09-18 22:27:29.281 [main] appLogger - Connection was successfully established...
[INFO ] 2021-09-18 22:27:29.283 [main] appLogger - Connection was successfully established...
[INFO ] 2021-09-18 22:28:55.908 [main] appLogger - Connection was successfully established...
[INFO ] 2021-09-18 22:28:55.915 [main] appLogger - Connection was successfully established...
[INFO ] 2021-09-18 22:28:55.919 [main] appLogger - Connection was successfully established...
[INFO ] 2021-09-18 22:29:47.960 [main] appLogger - Connection was successfully established...
[INFO ] 2021-09-18 22:29:47.963 [main] appLogger - Connection was successfully established...
[INFO ] 2021-09-18 22:29:47.965 [main] appLogger - Connection was successfully established...
[INFO ] 2021-09-18 22:30:51.374 [main] appLogger - Connection was successfully established...
[INFO ] 2021-09-18 22:30:51.399 [main] appLogger - Database successfully created...
[INFO ] 2021-09-18 22:30:51.400 [main] appLogger - Connection was successfully established...
[INFO ] 2021-09-18 22:30:51.410 [main] appLogger - Values were successfully inserted from <countries.scv>...
[INFO ] 2021-09-18 22:30:51.410 [main] appLogger - Connection was successfully established...
[INFO ] 2021-09-18 22:30:51.416 [main] appLogger - Values were successfully inserted from <regions.scv>...
[INFO ] 2021-09-18 22:30:51.417 [main] appLogger - Connection was successfully established...
[INFO ] 2021-09-18 22:30:51.422 [main] appLogger - Values were successfully inserted from <cities.csv>...
[INFO ] 2021-09-18 22:31:03.029 [main] appLogger - Country value was successfully found by id...
[INFO ] 2021-09-18 22:31:27.269 [main] appLogger - Custom country value was successfully added...
[INFO ] 2021-09-18 22:31:29.043 [main] appLogger - Country value was successfully found by id...
[INFO ] 2021-09-18 22:35:14.337 [main] appLogger - Connection was successfully established...
[INFO ] 2021-09-18 22:35:14.353 [main] appLogger - Database successfully created...
[INFO ] 2021-09-18 22:35:14.354 [main] appLogger - Connection was successfully established...
[INFO ] 2021-09-18 22:35:14.366 [main] appLogger - Values were successfully inserted from <countries.scv>...
[INFO ] 2021-09-18 22:35:14.367 [main] appLogger - Connection was successfully established...
[INFO ] 2021-09-18 22:35:14.373 [main] appLogger - Values were successfully inserted from <regions.scv>...
[INFO ] 2021-09-18 22:35:14.373 [main] appLogger - Connection was successfully established...
[INFO ] 2021-09-18 22:35:14.380 [main] appLogger - Values were successfully inserted from <cities.csv>...
[INFO ] 2021-09-18 22:35:20.381 [main] appLogger - Country value was successfully found by id...
[INFO ] 2021-09-18 22:35:24.339 [main] appLogger - Connection was successfully established...
[INFO ] 2021-09-18 22:35:24.380 [main] appLogger - Database successfully dropped...
[INFO ] 2021-09-18 22:35:31.891 [main] appLogger - Connection was successfully established...
[INFO ] 2021-09-18 22:35:31.915 [main] appLogger - Database successfully created...
[INFO ] 2021-09-18 22:35:31.916 [main] appLogger - Connection was successfully established...
[INFO ] 2021-09-18 22:35:31.926 [main] appLogger - Values were successfully inserted from <countries.scv>...
[INFO ] 2021-09-18 22:35:31.927 [main] appLogger - Connection was successfully established...
[INFO ] 2021-09-18 22:35:31.933 [main] appLogger - Values were successfully inserted from <regions.scv>...
[INFO ] 2021-09-18 22:35:31.934 [main] appLogger - Connection was successfully established...
[INFO ] 2021-09-18 22:35:31.941 [main] appLogger - Values were successfully inserted from <cities.csv>...
[INFO ] 2021-09-18 22:35:34.318 [main] appLogger - Country value was successfully found by id...
[INFO ] 2021-09-18 22:35:39.111 [main] appLogger - Custom country value was successfully added...
[INFO ] 2021-09-18 22:35:43.679 [main] appLogger - Country value was successfully found by id...
[INFO ] 2021-09-18 22:35:57.735 [main] appLogger - Connection was successfully established...
[INFO ] 2021-09-18 22:35:57.789 [main] appLogger - Database successfully dropped...
[INFO ] 2021-09-18 22:36:05.579 [main] appLogger - Connection was successfully established...
[INFO ] 2021-09-18 22:36:05.604 [main] appLogger - Database successfully created...
[INFO ] 2021-09-18 22:36:05.605 [main] appLogger - Connection was successfully established...
[INFO ] 2021-09-18 22:36:05.615 [main] appLogger - Values were successfully inserted from <countries.scv>...
[INFO ] 2021-09-18 22:36:05.616 [main] appLogger - Connection was successfully established...
[INFO ] 2021-09-18 22:36:05.622 [main] appLogger - Values were successfully inserted from <regions.scv>...
[INFO ] 2021-09-18 22:36:05.623 [main] appLogger - Connection was successfully established...
[INFO ] 2021-09-18 22:36:05.629 [main] appLogger - Values were successfully inserted from <cities.csv>...
[INFO ] 2021-09-18 22:36:15.264 [main] appLogger - Country value was successfully found by id...
[INFO ] 2021-09-18 22:36:24.372 [main] appLogger - Country value was successfully found by id...
[INFO ] 2021-09-18 22:36:36.359 [main] appLogger - Country value was successfully found by id...
[INFO ] 2021-09-18 22:36:53.278 [main] appLogger - Country value was successfully found by id...
[INFO ] 2021-09-18 22:37:00.279 [main] appLogger - Country value was successfully found by id...
[INFO ] 2021-09-18 22:37:10.689 [main] appLogger - Country value was successfully found by id...
[INFO ] 2021-09-18 22:37:16.684 [main] appLogger - Connection was successfully established...
[INFO ] 2021-09-18 22:37:16.742 [main] appLogger - Database successfully dropped...
[INFO ] 2021-09-18 22:38:12.835 [main] appLogger - Connection was successfully established...
[INFO ] 2021-09-18 22:38:12.864 [main] appLogger - Database successfully created...
[INFO ] 2021-09-18 22:38:12.865 [main] appLogger - Connection was successfully established...
[INFO ] 2021-09-18 22:38:12.875 [main] appLogger - Values were successfully inserted from <countries.scv>...
[INFO ] 2021-09-18 22:38:12.875 [main] appLogger - Connection was successfully established...
[INFO ] 2021-09-18 22:38:12.880 [main] appLogger - Values were successfully inserted from <regions.scv>...
[INFO ] 2021-09-18 22:38:12.881 [main] appLogger - Connection was successfully established...
[INFO ] 2021-09-18 22:38:12.886 [main] appLogger - Values were successfully inserted from <cities.csv>...
[INFO ] 2021-09-18 22:38:54.852 [main] appLogger - Country value was successfully found by id...
[INFO ] 2021-09-18 22:40:15.940 [main] appLogger - Connection was successfully established...
[INFO ] 2021-09-18 22:40:16.009 [main] appLogger - Database successfully dropped...
[INFO ] 2021-09-18 22:40:23.827 [main] appLogger - Connection was successfully established...
[INFO ] 2021-09-18 22:40:23.855 [main] appLogger - Database successfully created...
[INFO ] 2021-09-18 22:40:23.855 [main] appLogger - Connection was successfully established...
[INFO ] 2021-09-18 22:40:23.864 [main] appLogger - Values were successfully inserted from <countries.scv>...
[INFO ] 2021-09-18 22:40:23.865 [main] appLogger - Connection was successfully established...
[INFO ] 2021-09-18 22:40:23.869 [main] appLogger - Values were successfully inserted from <regions.scv>...
[INFO ] 2021-09-18 22:40:23.870 [main] appLogger - Connection was successfully established...
[INFO ] 2021-09-18 22:40:23.875 [main] appLogger - Values were successfully inserted from <cities.csv>...
[INFO ] 2021-09-18 22:40:29.936 [main] appLogger - Country value was successfully found by id...
[INFO ] 2021-09-18 22:41:46.837 [main] appLogger - Country value was successfully found by id...
[INFO ] 2021-09-18 22:41:51.080 [main] appLogger - Country value was successfully found by id...
[INFO ] 2021-09-18 22:42:05.677 [main] appLogger - Country value was successfully found by id...
[INFO ] 2021-09-18 22:42:32.904 [main] appLogger - Custom city value was successfully added...
[INFO ] 2021-09-18 22:42:39.828 [main] appLogger - Country value was successfully found by id...
[INFO ] 2021-09-18 22:42:48.420 [main] appLogger - Custom country value was successfully added...
[INFO ] 2021-09-18 22:42:50.913 [main] appLogger - Country value was successfully found by id...
[INFO ] 2021-09-18 22:43:05.426 [main] appLogger - Custom region value was successfully added...
[INFO ] 2021-09-18 22:43:11.326 [main] appLogger - Country value was successfully found by id...
[INFO ] 2021-09-18 22:43:25.845 [main] appLogger - Connection was successfully established...
[INFO ] 2021-09-18 22:43:25.862 [main] appLogger - Database successfully dropped...
[INFO ] 2021-09-18 22:48:47.230 [main] appLogger - Connection was successfully established...
[INFO ] 2021-09-18 22:48:47.261 [main] appLogger - Database successfully created...
[INFO ] 2021-09-18 22:48:47.262 [main] appLogger - Connection was successfully established...
[INFO ] 2021-09-18 22:48:47.272 [main] appLogger - Values were successfully inserted from <countries.scv>...
[INFO ] 2021-09-18 22:48:47.272 [main] appLogger - Connection was successfully established...
[INFO ] 2021-09-18 22:48:47.277 [main] appLogger - Values were successfully inserted from <regions.scv>...
[INFO ] 2021-09-18 22:48:47.278 [main] appLogger - Connection was successfully established...
[INFO ] 2021-09-18 22:48:47.283 [main] appLogger - Values were successfully inserted from <cities.csv>...
[INFO ] 2021-09-18 22:49:15.927 [main] appLogger - Connection was successfully established...
[INFO ] 2021-09-18 22:49:15.938 [main] appLogger - Database successfully created...
[INFO ] 2021-09-18 22:49:15.940 [main] appLogger - Connection was successfully established...
[INFO ] 2021-09-18 22:49:15.954 [main] appLogger - Values were successfully inserted from <countries.scv>...
[INFO ] 2021-09-18 22:49:15.955 [main] appLogger - Connection was successfully established...
[INFO ] 2021-09-18 22:49:15.963 [main] appLogger - Values were successfully inserted from <regions.scv>...
[INFO ] 2021-09-18 22:49:15.963 [main] appLogger - Connection was successfully established...
[INFO ] 2021-09-18 22:49:15.971 [main] appLogger - Values were successfully inserted from <cities.csv>...
[INFO ] 2021-09-18 22:49:25.424 [main] appLogger - Custom country value was successfully added...
[INFO ] 2021-09-18 22:49:29.106 [main] appLogger - Country value was successfully found by id...
[INFO ] 2021-09-18 22:49:32.784 [main] appLogger - Connection was successfully established...
[INFO ] 2021-09-18 22:49:32.850 [main] appLogger - Database successfully dropped...
[INFO ] 2021-09-18 22:52:31.363 [main] appLogger - Connection was successfully established...
[INFO ] 2021-09-18 22:52:31.401 [main] appLogger - Database successfully created...
[INFO ] 2021-09-18 22:52:31.402 [main] appLogger - Connection was successfully established...
[INFO ] 2021-09-18 22:52:31.413 [main] appLogger - Values were successfully inserted from <countries.scv>...
[INFO ] 2021-09-18 22:52:31.414 [main] appLogger - Connection was successfully established...
[INFO ] 2021-09-18 22:52:31.419 [main] appLogger - Values were successfully inserted from <regions.scv>...
[INFO ] 2021-09-18 22:52:31.420 [main] appLogger - Connection was successfully established...
[INFO ] 2021-09-18 22:52:31.426 [main] appLogger - Values were successfully inserted from <cities.csv>...
[INFO ] 2021-09-18 22:52:35.269 [main] appLogger - Country value was successfully found by id...
[INFO ] 2021-09-18 22:52:44.167 [main] appLogger - Custom country value was successfully added...
[INFO ] 2021-09-18 22:52:50.713 [main] appLogger - Country value was successfully found by id...
[INFO ] 2021-09-18 22:58:58.108 [main] appLogger - Country value was successfully found by id...
[INFO ] 2021-09-18 23:00:59.233 [main] appLogger - Connection was successfully established...
[INFO ] 2021-09-18 23:00:59.486 [main] appLogger - Database successfully dropped...
[INFO ] 2021-09-18 23:01:24.840 [main] appLogger - Connection was successfully established...
[INFO ] 2021-09-18 23:01:24.870 [main] appLogger - Database successfully created...
[INFO ] 2021-09-18 23:01:24.871 [main] appLogger - Connection was successfully established...
[INFO ] 2021-09-18 23:01:24.884 [main] appLogger - Values were successfully inserted from <countries.scv>...
[INFO ] 2021-09-18 23:01:24.885 [main] appLogger - Connection was successfully established...
[INFO ] 2021-09-18 23:01:24.892 [main] appLogger - Values were successfully inserted from <regions.scv>...
[INFO ] 2021-09-18 23:01:24.893 [main] appLogger - Connection was successfully established...
[INFO ] 2021-09-18 23:01:24.900 [main] appLogger - Values were successfully inserted from <cities.csv>...
[INFO ] 2021-09-18 23:01:34.845 [main] appLogger - Custom country value was successfully added...
[INFO ] 2021-09-18 23:01:37.097 [main] appLogger - Country value was successfully found by id...
[INFO ] 2021-09-18 23:01:46.698 [main] appLogger - Custom country value was successfully added...
[INFO ] 2021-09-18 23:01:48.297 [main] appLogger - Country value was successfully found by id...
[INFO ] 2021-09-18 23:02:08.471 [main] appLogger - Custom region value was successfully added...
[INFO ] 2021-09-18 23:02:11.863 [main] appLogger - Country value was successfully found by id...
[INFO ] 2021-09-18 23:02:31.825 [main] appLogger - Country value was successfully found by id...
[INFO ] 2021-09-18 23:02:36.074 [main] appLogger - Connection was successfully established...
[INFO ] 2021-09-18 23:02:36.112 [main] appLogger - Database successfully dropped...
[INFO ] 2021-09-18 23:05:21.441 [main] appLogger - Connection was successfully established...
[INFO ] 2021-09-18 23:05:21.467 [main] appLogger - Database successfully created...
[INFO ] 2021-09-18 23:05:21.467 [main] appLogger - Connection was successfully established...
[INFO ] 2021-09-18 23:05:21.478 [main] appLogger - Values were successfully inserted from <countries.scv>...
[INFO ] 2021-09-18 23:05:21.479 [main] appLogger - Connection was successfully established...
[INFO ] 2021-09-18 23:05:21.484 [main] appLogger - Values were successfully inserted from <regions.scv>...
[INFO ] 2021-09-18 23:05:21.485 [main] appLogger - Connection was successfully established...
[INFO ] 2021-09-18 23:05:21.490 [main] appLogger - Values were successfully inserted from <cities.csv>...
[INFO ] 2021-09-18 23:05:22.983 [main] appLogger - Country value was successfully found by id...
[INFO ] 2021-09-18 23:05:55.528 [main] appLogger - Custom region value was successfully added...
[INFO ] 2021-09-18 23:05:57.206 [main] appLogger - Country value was successfully found by id...
[INFO ] 2021-09-18 23:06:06.726 [main] appLogger - Custom country value was successfully added...
[INFO ] 2021-09-18 23:06:09.284 [main] appLogger - Country value was successfully found by id...
[INFO ] 2021-09-18 23:06:13.009 [main] appLogger - Country value was successfully found by id...
[INFO ] 2021-09-18 23:06:43.992 [main] appLogger - Connection was successfully established...
[INFO ] 2021-09-18 23:06:44.037 [main] appLogger - Database successfully dropped...
[INFO ] 2021-09-18 23:08:15.706 [main] appLogger - Connection was successfully established...
[INFO ] 2021-09-18 23:08:15.731 [main] appLogger - Database successfully created...
[INFO ] 2021-09-18 23:08:15.731 [main] appLogger - Connection was successfully established...
[INFO ] 2021-09-18 23:08:15.743 [main] appLogger - Values were successfully inserted from <countries.scv>...
[INFO ] 2021-09-18 23:08:15.743 [main] appLogger - Connection was successfully established...
[INFO ] 2021-09-18 23:08:15.749 [main] appLogger - Values were successfully inserted from <regions.scv>...
[INFO ] 2021-09-18 23:08:15.749 [main] appLogger - Connection was successfully established...
[INFO ] 2021-09-18 23:08:15.759 [main] appLogger - Values were successfully inserted from <cities.csv>...
[INFO ] 2021-09-18 23:08:44.734 [main] appLogger - Custom city value was successfully added...
[INFO ] 2021-09-18 23:08:47.835 [main] appLogger - Country value was successfully found by id...
[INFO ] 2021-09-18 23:09:14.705 [main] appLogger - Connection was successfully established...
[INFO ] 2021-09-18 23:09:14.717 [main] appLogger - Database successfully dropped...
