[WARN ] 2021-09-18 21:15:19.427 [main] appLogger - CAUGHT EXCEPTION IN <customInsertRegions> METHOD...
[WARN ] 2021-09-18 21:26:33.157 [main] appLogger - CAUGHT EXCEPTION IN <customInsertRegions> METHOD...
[WARN ] 2021-09-18 21:26:33.191 [main] appLogger - CAUGHT EXCEPTION IN <customInsertRegions> METHOD...
[WARN ] 2021-09-18 21:26:33.443 [main] appLogger - CAUGHT EXCEPTION IN <findElementById> METHOD...
[WARN ] 2021-09-18 21:26:33.458 [main] appLogger - CAUGHT EXCEPTION IN <findElementById> METHOD...
[WARN ] 2021-09-18 21:26:33.467 [main] appLogger - CAUGHT EXCEPTION IN <findCountryByName> METHOD...
[WARN ] 2021-09-18 21:26:33.476 [main] appLogger - CAUGHT EXCEPTION IN <findCountryByName> METHOD...
[WARN ] 2021-09-18 21:26:33.484 [main] appLogger - CAUGHT EXCEPTION IN <findRegionById> METHOD...
[WARN ] 2021-09-18 21:26:33.492 [main] appLogger - CAUGHT EXCEPTION IN <findRegionById> METHOD...
[WARN ] 2021-09-18 21:26:33.499 [main] appLogger - CAUGHT EXCEPTION IN <findRegionByName> METHOD...
[WARN ] 2021-09-18 21:26:33.508 [main] appLogger - CAUGHT EXCEPTION IN <findRegionByName> METHOD...
[WARN ] 2021-09-18 21:26:33.515 [main] appLogger - CAUGHT EXCEPTION IN <findCityById> METHOD...
[WARN ] 2021-09-18 21:26:33.525 [main] appLogger - CAUGHT EXCEPTION IN <findCityById> METHOD...
[WARN ] 2021-09-18 21:26:33.533 [main] appLogger - CAUGHT EXCEPTION IN <findCityByName> METHOD...
[WARN ] 2021-09-18 21:26:33.541 [main] appLogger - CAUGHT EXCEPTION IN <findCityByName> METHOD...
[WARN ] 2021-09-18 21:26:33.548 [main] appLogger - CAUGHT EXCEPTION IN <printCountries> METHOD...
[WARN ] 2021-09-18 21:26:33.557 [main] appLogger - CAUGHT EXCEPTION IN <printRegions> METHOD...
[WARN ] 2021-09-18 21:26:33.566 [main] appLogger - CAUGHT EXCEPTION IN <printCities> METHOD...
[WARN ] 2021-09-18 21:49:40.664 [main] appLogger - CAUGHT EXCEPTION IN <customInsertRegions> METHOD...
[WARN ] 2021-09-18 21:49:40.679 [main] appLogger - CAUGHT EXCEPTION IN <customInsertRegions> METHOD...
[WARN ] 2021-09-18 21:50:33.183 [main] appLogger - CAUGHT EXCEPTION IN <customInsertRegions> METHOD...
[WARN ] 2021-09-18 21:50:33.199 [main] appLogger - CAUGHT EXCEPTION IN <customInsertRegions> METHOD...
[WARN ] 2021-09-18 21:55:32.514 [main] appLogger - CAUGHT EXCEPTION IN <customInsertRegions> METHOD...
[WARN ] 2021-09-18 21:55:48.106 [main] appLogger - CAUGHT EXCEPTION IN <customInsertRegions> METHOD...
[WARN ] 2021-09-18 21:55:48.131 [main] appLogger - CAUGHT EXCEPTION IN <customInsertRegions> METHOD...
[WARN ] 2021-09-18 22:28:09.238 [main] appLogger - CAUGHT EXCEPTION IN <findRegionById> METHOD...
[WARN ] 2021-09-18 22:28:09.251 [main] appLogger - CAUGHT EXCEPTION IN <findRegionById> METHOD...
[WARN ] 2021-09-18 22:28:09.262 [main] appLogger - CAUGHT EXCEPTION IN <findRegionByName> METHOD...
[WARN ] 2021-09-18 22:28:09.273 [main] appLogger - CAUGHT EXCEPTION IN <findRegionByName> METHOD...
[WARN ] 2021-09-18 22:28:09.313 [main] appLogger - CAUGHT EXCEPTION IN <printRegions> METHOD...
[WARN ] 2021-09-18 22:33:19.029 [main] appLogger - CAUGHT EXCEPTION IN <findRegionById> METHOD...
[WARN ] 2021-09-18 22:33:19.041 [main] appLogger - CAUGHT EXCEPTION IN <findRegionById> METHOD...
[WARN ] 2021-09-18 22:33:19.054 [main] appLogger - CAUGHT EXCEPTION IN <findRegionByName> METHOD...
[WARN ] 2021-09-18 22:33:19.066 [main] appLogger - CAUGHT EXCEPTION IN <findRegionByName> METHOD...
[WARN ] 2021-09-18 22:33:19.113 [main] appLogger - CAUGHT EXCEPTION IN <printRegions> METHOD...
