[INFO ] 2021-09-18 23:53:23.060 [main] appLogger - Connection was successfully established...
[INFO ] 2021-09-18 23:53:23.096 [main] appLogger - Database successfully created...
[INFO ] 2021-09-18 23:53:23.179 [main] appLogger - Custom country value was successfully added...
[INFO ] 2021-09-18 23:53:23.182 [main] appLogger - Custom region value was successfully added...
[INFO ] 2021-09-18 23:53:23.187 [main] appLogger - Custom city value was successfully added...
[INFO ] 2021-09-18 23:53:23.327 [main] appLogger - Country value was successfully found by id...
[INFO ] 2021-09-18 23:53:23.337 [main] appLogger - Country value was successfully found by id...
[INFO ] 2021-09-18 23:53:23.363 [main] appLogger - Country value was successfully found by id...
[INFO ] 2021-09-18 23:53:23.377 [main] appLogger - Country value was successfully found by id...
[INFO ] 2021-09-18 23:53:23.399 [main] appLogger - Country value was successfully found by id...
[INFO ] 2021-09-18 23:53:23.407 [main] appLogger - Country value was successfully found by id...
[INFO ] 2021-09-18 23:53:23.415 [main] appLogger - Country value was successfully found by id...
[INFO ] 2021-09-18 23:53:23.420 [main] appLogger - Country value was successfully found by id...
[INFO ] 2021-09-18 23:53:23.425 [main] appLogger - Country value was successfully found by id...
[INFO ] 2021-09-18 23:53:23.427 [main] appLogger - Connection was successfully established...
[INFO ] 2021-09-18 23:53:23.439 [main] appLogger - Database successfully dropped...
[INFO ] 2021-09-18 23:57:20.862 [main] appLogger - Connection was successfully established...
[INFO ] 2021-09-18 23:57:20.905 [main] appLogger - Database successfully created...
[INFO ] 2021-09-18 23:57:21.002 [main] appLogger - Custom country value was successfully added...
[INFO ] 2021-09-18 23:57:21.005 [main] appLogger - Custom region value was successfully added...
[INFO ] 2021-09-18 23:57:21.008 [main] appLogger - Custom city value was successfully added...
[INFO ] 2021-09-18 23:57:21.243 [main] appLogger - Country value was successfully found by id...
[INFO ] 2021-09-18 23:57:21.252 [main] appLogger - Country value was successfully found by id...
[INFO ] 2021-09-18 23:57:21.271 [main] appLogger - Country value was successfully found by id...
[INFO ] 2021-09-18 23:57:21.279 [main] appLogger - Country value was successfully found by id...
[INFO ] 2021-09-18 23:57:21.299 [main] appLogger - Country value was successfully found by id...
[INFO ] 2021-09-18 23:57:21.307 [main] appLogger - Country value was successfully found by id...
[INFO ] 2021-09-18 23:57:21.314 [main] appLogger - Country value was successfully found by id...
[INFO ] 2021-09-18 23:57:21.318 [main] appLogger - Country value was successfully found by id...
[INFO ] 2021-09-18 23:57:21.323 [main] appLogger - Country value was successfully found by id...
[INFO ] 2021-09-18 23:57:21.324 [main] appLogger - Connection was successfully established...
[INFO ] 2021-09-18 23:57:21.333 [main] appLogger - Database successfully dropped...
[INFO ] 2021-09-18 23:58:55.040 [main] appLogger - Connection was successfully established...
[INFO ] 2021-09-18 23:58:55.073 [main] appLogger - Database successfully created...
[INFO ] 2021-09-18 23:58:55.191 [main] appLogger - Custom country value was successfully added...
[INFO ] 2021-09-18 23:58:55.194 [main] appLogger - Custom region value was successfully added...
[INFO ] 2021-09-18 23:58:55.199 [main] appLogger - Custom city value was successfully added...
[INFO ] 2021-09-18 23:58:55.357 [main] appLogger - Country value was successfully found by id...
[INFO ] 2021-09-18 23:58:55.365 [main] appLogger - Country value was successfully found by id...
[INFO ] 2021-09-18 23:58:55.379 [main] appLogger - Country value was successfully found by id...
[INFO ] 2021-09-18 23:58:55.402 [main] appLogger - Country value was successfully found by id...
[INFO ] 2021-09-18 23:58:55.420 [main] appLogger - Country value was successfully found by id...
[INFO ] 2021-09-18 23:58:55.428 [main] appLogger - Country value was successfully found by id...
[INFO ] 2021-09-18 23:58:55.435 [main] appLogger - Country value was successfully found by id...
[INFO ] 2021-09-18 23:58:55.444 [main] appLogger - Country value was successfully found by id...
[INFO ] 2021-09-18 23:58:55.453 [main] appLogger - Country value was successfully found by id...
[INFO ] 2021-09-18 23:58:55.455 [main] appLogger - Connection was successfully established...
[INFO ] 2021-09-18 23:58:55.467 [main] appLogger - Database successfully dropped...
